[__main__] [2025-05-16 05:24:07,495] [INFO]: Загружен суммаризатор для английского языка
[__main__] [2025-05-16 05:24:29,876] [INFO]: Загружен суммаризатор для русского языка
[__main__] [2025-05-16 05:24:30,048] [INFO]: Работа с папкой: /content/drive/MyDrive/InputData
[__main__] [2025-05-16 05:24:31,527] [INFO]: Начало обработки файла: Копия bio3.pdf
[__main__] [2025-05-16 05:24:33,061] [DEBUG]: Извлечен текст из файла Копия bio3.pdf, длина: 13070 символов
[__main__] [2025-05-16 05:24:33,150] [DEBUG]: Определен язык текста: ru
[__main__] [2025-05-16 05:24:33,160] [INFO]: Для файла Копия bio3.pdf определен язык: ru
[__main__] [2025-05-16 05:24:33,172] [INFO]: Начало обработки файла: Копия Phis1.pdf
[__main__] [2025-05-16 05:24:35,636] [DEBUG]: Извлечен текст из файла Копия Phis1.pdf, длина: 17731 символов
[__main__] [2025-05-16 05:24:35,717] [DEBUG]: Определен язык текста: ru
[__main__] [2025-05-16 05:24:35,729] [INFO]: Для файла Копия Phis1.pdf определен язык: ru
[__main__] [2025-05-16 05:24:35,745] [INFO]: Начало обработки файла: Копия Comp2.pdf
[__main__] [2025-05-16 05:24:37,099] [DEBUG]: Извлечен текст из файла Копия Comp2.pdf, длина: 20820 символов
[__main__] [2025-05-16 05:24:37,173] [DEBUG]: Определен язык текста: ru
[__main__] [2025-05-16 05:24:37,179] [INFO]: Для файла Копия Comp2.pdf определен язык: ru
[__main__] [2025-05-16 05:24:37,184] [INFO]: Начало обработки файла: Копия Comp3.pdf
[__main__] [2025-05-16 05:24:40,118] [DEBUG]: Извлечен текст из файла Копия Comp3.pdf, длина: 14121 символов
[__main__] [2025-05-16 05:24:40,203] [DEBUG]: Определен язык текста: ru
[__main__] [2025-05-16 05:24:40,208] [INFO]: Для файла Копия Comp3.pdf определен язык: ru
[__main__] [2025-05-16 05:24:40,215] [INFO]: Начало обработки файла: Копия bio1.pdf
[__main__] [2025-05-16 05:24:41,926] [DEBUG]: Извлечен текст из файла Копия bio1.pdf, длина: 10898 символов
[__main__] [2025-05-16 05:24:41,976] [DEBUG]: Определен язык текста: ru
[__main__] [2025-05-16 05:24:41,980] [INFO]: Для файла Копия bio1.pdf определен язык: ru
[__main__] [2025-05-16 05:24:41,987] [INFO]: Начало обработки файла: Копия bio2.pdf
[__main__] [2025-05-16 05:24:42,686] [DEBUG]: Извлечен текст из файла Копия bio2.pdf, длина: 9985 символов
[__main__] [2025-05-16 05:24:42,732] [DEBUG]: Определен язык текста: ru
[__main__] [2025-05-16 05:24:42,735] [INFO]: Для файла Копия bio2.pdf определен язык: ru
[__main__] [2025-05-16 05:24:42,742] [INFO]: Начало обработки файла: Копия Phis3.pdf
[__main__] [2025-05-16 05:24:47,941] [DEBUG]: Извлечен текст из файла Копия Phis3.pdf, длина: 37085 символов
[__main__] [2025-05-16 05:24:47,987] [DEBUG]: Определен язык текста: ru
[__main__] [2025-05-16 05:24:47,991] [INFO]: Для файла Копия Phis3.pdf определен язык: ru
[__main__] [2025-05-16 05:24:47,997] [INFO]: Начало обработки файла: Acoustic instability appearing in chambers with isothermal or reacting mean.pdf
[__main__] [2025-05-16 05:24:49,059] [DEBUG]: Извлечен текст из файла Acoustic instability appearing in chambers with isothermal or reacting mean.pdf, длина: 40751 символов
[__main__] [2025-05-16 05:24:49,092] [DEBUG]: Определен язык текста: en
[__main__] [2025-05-16 05:24:49,103] [INFO]: Для файла Acoustic instability appearing in chambers with isothermal or reacting mean.pdf определен язык: en
[__main__] [2025-05-16 05:24:49,110] [INFO]: Начало обработки файла: ppt.pdf
[__main__] [2025-05-16 05:24:49,394] [DEBUG]: Извлечен текст из файла ppt.pdf, длина: 10 символов
[__main__] [2025-05-16 05:24:49,398] [ERROR]: Ошибка определения языка: No features in text.
[__main__] [2025-05-16 05:24:49,405] [INFO]: Для файла ppt.pdf определен язык: None
[__main__] [2025-05-16 05:24:49,426] [INFO]: Обработка файла: Копия bio3.pdf
[__main__] [2025-05-16 05:24:50,211] [DEBUG]: Успешно извлечен текст из файла Копия bio3.pdf, длина текста: 13070 символов
[__main__] [2025-05-16 05:24:50,215] [INFO]: Обработка файла: Копия Phis1.pdf
[__main__] [2025-05-16 05:24:51,576] [DEBUG]: Успешно извлечен текст из файла Копия Phis1.pdf, длина текста: 17731 символов
[__main__] [2025-05-16 05:24:51,582] [INFO]: Обработка файла: Копия Comp2.pdf
[__main__] [2025-05-16 05:24:53,634] [DEBUG]: Успешно извлечен текст из файла Копия Comp2.pdf, длина текста: 20820 символов
[__main__] [2025-05-16 05:24:53,640] [INFO]: Обработка файла: Копия Comp3.pdf
[__main__] [2025-05-16 05:24:55,958] [DEBUG]: Успешно извлечен текст из файла Копия Comp3.pdf, длина текста: 14121 символов
[__main__] [2025-05-16 05:24:55,963] [INFO]: Обработка файла: Копия bio1.pdf
[__main__] [2025-05-16 05:24:57,393] [DEBUG]: Успешно извлечен текст из файла Копия bio1.pdf, длина текста: 10898 символов
[__main__] [2025-05-16 05:24:57,398] [INFO]: Обработка файла: Копия bio2.pdf
[__main__] [2025-05-16 05:24:58,094] [DEBUG]: Успешно извлечен текст из файла Копия bio2.pdf, длина текста: 9985 символов
[__main__] [2025-05-16 05:24:58,098] [INFO]: Обработка файла: Копия Phis3.pdf
[__main__] [2025-05-16 05:25:03,134] [DEBUG]: Успешно извлечен текст из файла Копия Phis3.pdf, длина текста: 37085 символов
[__main__] [2025-05-16 05:25:03,139] [INFO]: Обработка файла: Acoustic instability appearing in chambers with isothermal or reacting mean.pdf
[__main__] [2025-05-16 05:25:04,227] [DEBUG]: Успешно извлечен текст из файла Acoustic instability appearing in chambers with isothermal or reacting mean.pdf, длина текста: 40751 символов
[__main__] [2025-05-16 05:25:04,232] [INFO]: Обработка файла: ppt.pdf
[__main__] [2025-05-16 05:25:04,509] [DEBUG]: Успешно извлечен текст из файла ppt.pdf, длина текста: 10 символов
[__main__] [2025-05-16 05:25:04,542] [INFO]: Текста очищены от \t, \n, \r
[__main__] [2025-05-16 05:25:06,789] [INFO]: Загружена модель для эмбеддингов: all-MiniLM-L6-v2
[__main__] [2025-05-16 05:25:06,795] [INFO]: Чтение файлов из папки: /content/drive/MyDrive/InputData
[__main__] [2025-05-16 05:25:06,803] [INFO]: Всего обработано файлов: 9
[__main__] [2025-05-16 05:25:08,528] [INFO]: Созданы эмбеддинги для 9 текстов, размерность: (9, 384)
[__main__] [2025-05-16 05:25:08,532] [DEBUG]: Выполнена нормализация эмбеддингов
[__main__] [2025-05-16 05:25:08,538] [DEBUG]: Искходный эмбеддинг: [[-2.91991252e-02  3.11380811e-02 -5.02324514e-02 ... -3.83132063e-02
  -2.37832610e-02 -2.20910143e-02]
 [ 6.90736051e-05 -6.08838070e-03  1.65206604e-02 ...  9.62524954e-03
  -4.67162728e-02 -2.02901531e-02]
 [-1.15670338e-02 -6.59889961e-03 -5.19541837e-03 ... -1.24184210e-02
   6.93678809e-03 -2.77738217e-02]
 ...
 [-1.66038126e-02 -3.65020372e-02 -3.78007293e-02 ... -1.30411945e-02
   9.97386035e-03 -3.60722281e-02]
 [ 1.34603251e-02 -3.61286998e-02  6.61736354e-02 ...  5.05376942e-02
  -4.43412289e-02 -3.92481200e-02]
 [-1.05323680e-01  2.48282850e-02 -5.80739006e-02 ...  1.06843345e-01
  -4.09860499e-02 -7.63928816e-02]]
[__main__] [2025-05-16 05:25:08,545] [DEBUG]: Нормализованный эмбеддинг: [[-2.91991252e-02  3.11380811e-02 -5.02324514e-02 ... -3.83132063e-02
  -2.37832610e-02 -2.20910143e-02]
 [ 6.90736051e-05 -6.08838070e-03  1.65206604e-02 ...  9.62524954e-03
  -4.67162728e-02 -2.02901531e-02]
 [-1.15670329e-02 -6.59889914e-03 -5.19541791e-03 ... -1.24184201e-02
   6.93678763e-03 -2.77738199e-02]
 ...
 [-1.66038126e-02 -3.65020372e-02 -3.78007293e-02 ... -1.30411945e-02
   9.97386035e-03 -3.60722281e-02]
 [ 1.34603251e-02 -3.61286998e-02  6.61736354e-02 ...  5.05376942e-02
  -4.43412289e-02 -3.92481200e-02]
 [-1.05323672e-01  2.48282831e-02 -5.80738969e-02 ...  1.06843337e-01
  -4.09860462e-02 -7.63928741e-02]]
[__main__] [2025-05-16 05:25:08,551] [DEBUG]: Проверка нормализации: норма первого вектора = True
[__main__] [2025-05-16 05:25:08,562] [INFO]: Начало обучения модели KMeans с 3 кластерами
[__main__] [2025-05-16 05:25:08,574] [INFO]: Модель KMeans успешно обучена, центроиды: (3, 384)
[__main__] [2025-05-16 05:25:08,588] [INFO]: Кластеризация файлов в папке: /content/drive/MyDrive/InputData
[__main__] [2025-05-16 05:25:08,595] [INFO]: Обработка файла для кластеризации: Копия bio3.pdf
[__main__] [2025-05-16 05:25:09,387] [DEBUG]: Извлечен текст из файла Копия bio3.pdf, длина: 13070 символов
[__main__] [2025-05-16 05:25:09,390] [INFO]: Предсказание кластера для текста длиной 13070 символов
[__main__] [2025-05-16 05:25:09,396] [INFO]: Создание эмбеддинга для текста длиной 13070 символов
[__main__] [2025-05-16 05:25:11,670] [DEBUG]: Проверка нормализации: норма вектора = 1.0
[__main__] [2025-05-16 05:25:11,676] [INFO]: Предсказан кластер 1 для текста
[__main__] [2025-05-16 05:25:11,681] [INFO]: Файл Копия bio3.pdf отнесен к кластеру 1
[__main__] [2025-05-16 05:25:11,688] [INFO]: Перемещение файла Копия bio3.pdf в кластер 1
[__main__] [2025-05-16 05:25:11,693] [DEBUG]: Целевая папка: /content/drive/MyDrive/1
[__main__] [2025-05-16 05:25:12,333] [INFO]: Файл Копия bio3.pdf успешно скопирован в /content/drive/MyDrive/1
[__main__] [2025-05-16 05:25:12,337] [INFO]: Обработка файла для кластеризации: Копия Phis1.pdf
[__main__] [2025-05-16 05:25:13,444] [DEBUG]: Извлечен текст из файла Копия Phis1.pdf, длина: 17731 символов
[__main__] [2025-05-16 05:25:13,448] [INFO]: Предсказание кластера для текста длиной 17731 символов
[__main__] [2025-05-16 05:25:13,453] [INFO]: Создание эмбеддинга для текста длиной 17731 символов
[__main__] [2025-05-16 05:25:15,821] [DEBUG]: Проверка нормализации: норма вектора = 1.0
[__main__] [2025-05-16 05:25:15,825] [INFO]: Предсказан кластер 1 для текста
[__main__] [2025-05-16 05:25:15,831] [INFO]: Файл Копия Phis1.pdf отнесен к кластеру 1
[__main__] [2025-05-16 05:25:15,836] [INFO]: Перемещение файла Копия Phis1.pdf в кластер 1
[__main__] [2025-05-16 05:25:15,843] [DEBUG]: Целевая папка: /content/drive/MyDrive/1
[__main__] [2025-05-16 05:25:15,863] [INFO]: Файл Копия Phis1.pdf успешно скопирован в /content/drive/MyDrive/1
[__main__] [2025-05-16 05:25:15,868] [INFO]: Обработка файла для кластеризации: Копия Comp2.pdf
[__main__] [2025-05-16 05:25:17,086] [DEBUG]: Извлечен текст из файла Копия Comp2.pdf, длина: 20820 символов
[__main__] [2025-05-16 05:25:17,090] [INFO]: Предсказание кластера для текста длиной 20820 символов
[__main__] [2025-05-16 05:25:17,095] [INFO]: Создание эмбеддинга для текста длиной 20820 символов
[__main__] [2025-05-16 05:25:19,629] [DEBUG]: Проверка нормализации: норма вектора = 1.0
[__main__] [2025-05-16 05:25:19,634] [INFO]: Предсказан кластер 1 для текста
[__main__] [2025-05-16 05:25:19,644] [INFO]: Файл Копия Comp2.pdf отнесен к кластеру 1
[__main__] [2025-05-16 05:25:19,651] [INFO]: Перемещение файла Копия Comp2.pdf в кластер 1
[__main__] [2025-05-16 05:25:19,658] [DEBUG]: Целевая папка: /content/drive/MyDrive/1
[__main__] [2025-05-16 05:25:19,703] [INFO]: Файл Копия Comp2.pdf успешно скопирован в /content/drive/MyDrive/1
[__main__] [2025-05-16 05:25:19,711] [INFO]: Обработка файла для кластеризации: Копия Comp3.pdf
[__main__] [2025-05-16 05:25:22,112] [DEBUG]: Извлечен текст из файла Копия Comp3.pdf, длина: 14121 символов
[__main__] [2025-05-16 05:25:22,117] [INFO]: Предсказание кластера для текста длиной 14121 символов
[__main__] [2025-05-16 05:25:22,128] [INFO]: Создание эмбеддинга для текста длиной 14121 символов
[__main__] [2025-05-16 05:25:24,421] [DEBUG]: Проверка нормализации: норма вектора = 0.9999999403953552
[__main__] [2025-05-16 05:25:24,427] [INFO]: Предсказан кластер 1 для текста
[__main__] [2025-05-16 05:25:24,434] [INFO]: Файл Копия Comp3.pdf отнесен к кластеру 1
[__main__] [2025-05-16 05:25:24,439] [INFO]: Перемещение файла Копия Comp3.pdf в кластер 1
[__main__] [2025-05-16 05:25:24,443] [DEBUG]: Целевая папка: /content/drive/MyDrive/1
[__main__] [2025-05-16 05:25:25,159] [INFO]: Файл Копия Comp3.pdf успешно скопирован в /content/drive/MyDrive/1
[__main__] [2025-05-16 05:25:25,164] [INFO]: Обработка файла для кластеризации: Копия bio1.pdf
[__main__] [2025-05-16 05:25:26,599] [DEBUG]: Извлечен текст из файла Копия bio1.pdf, длина: 10898 символов
[__main__] [2025-05-16 05:25:26,603] [INFO]: Предсказание кластера для текста длиной 10898 символов
[__main__] [2025-05-16 05:25:26,609] [INFO]: Создание эмбеддинга для текста длиной 10898 символов
[__main__] [2025-05-16 05:25:29,206] [DEBUG]: Проверка нормализации: норма вектора = 1.0
[__main__] [2025-05-16 05:25:29,212] [INFO]: Предсказан кластер 1 для текста
[__main__] [2025-05-16 05:25:29,217] [INFO]: Файл Копия bio1.pdf отнесен к кластеру 1
[__main__] [2025-05-16 05:25:29,223] [INFO]: Перемещение файла Копия bio1.pdf в кластер 1
[__main__] [2025-05-16 05:25:29,230] [DEBUG]: Целевая папка: /content/drive/MyDrive/1
[__main__] [2025-05-16 05:25:29,256] [INFO]: Файл Копия bio1.pdf успешно скопирован в /content/drive/MyDrive/1
[__main__] [2025-05-16 05:25:29,262] [INFO]: Обработка файла для кластеризации: Копия bio2.pdf
[__main__] [2025-05-16 05:25:29,987] [DEBUG]: Извлечен текст из файла Копия bio2.pdf, длина: 9985 символов
[__main__] [2025-05-16 05:25:29,991] [INFO]: Предсказание кластера для текста длиной 9985 символов
[__main__] [2025-05-16 05:25:29,996] [INFO]: Создание эмбеддинга для текста длиной 9985 символов
[__main__] [2025-05-16 05:25:32,447] [DEBUG]: Проверка нормализации: норма вектора = 0.9999998807907104
[__main__] [2025-05-16 05:25:32,453] [INFO]: Предсказан кластер 1 для текста
[__main__] [2025-05-16 05:25:32,459] [INFO]: Файл Копия bio2.pdf отнесен к кластеру 1
[__main__] [2025-05-16 05:25:32,467] [INFO]: Перемещение файла Копия bio2.pdf в кластер 1
[__main__] [2025-05-16 05:25:32,474] [DEBUG]: Целевая папка: /content/drive/MyDrive/1
[__main__] [2025-05-16 05:25:33,250] [INFO]: Файл Копия bio2.pdf успешно скопирован в /content/drive/MyDrive/1
[__main__] [2025-05-16 05:25:33,258] [INFO]: Обработка файла для кластеризации: Копия Phis3.pdf
[__main__] [2025-05-16 05:25:38,824] [DEBUG]: Извлечен текст из файла Копия Phis3.pdf, длина: 37085 символов
[__main__] [2025-05-16 05:25:38,828] [INFO]: Предсказание кластера для текста длиной 37085 символов
[__main__] [2025-05-16 05:25:38,834] [INFO]: Создание эмбеддинга для текста длиной 37085 символов
[__main__] [2025-05-16 05:25:41,140] [DEBUG]: Проверка нормализации: норма вектора = 1.0
[__main__] [2025-05-16 05:25:41,145] [INFO]: Предсказан кластер 1 для текста
[__main__] [2025-05-16 05:25:41,150] [INFO]: Файл Копия Phis3.pdf отнесен к кластеру 1
[__main__] [2025-05-16 05:25:41,154] [INFO]: Перемещение файла Копия Phis3.pdf в кластер 1
[__main__] [2025-05-16 05:25:41,161] [DEBUG]: Целевая папка: /content/drive/MyDrive/1
[__main__] [2025-05-16 05:25:41,794] [INFO]: Файл Копия Phis3.pdf успешно скопирован в /content/drive/MyDrive/1
[__main__] [2025-05-16 05:25:41,799] [INFO]: Обработка файла для кластеризации: Acoustic instability appearing in chambers with isothermal or reacting mean.pdf
[__main__] [2025-05-16 05:25:42,877] [DEBUG]: Извлечен текст из файла Acoustic instability appearing in chambers with isothermal or reacting mean.pdf, длина: 40751 символов
[__main__] [2025-05-16 05:25:42,881] [INFO]: Предсказание кластера для текста длиной 40751 символов
[__main__] [2025-05-16 05:25:42,888] [INFO]: Создание эмбеддинга для текста длиной 40751 символов
[__main__] [2025-05-16 05:25:45,600] [DEBUG]: Проверка нормализации: норма вектора = 0.9999999403953552
[__main__] [2025-05-16 05:25:45,606] [INFO]: Предсказан кластер 2 для текста
[__main__] [2025-05-16 05:25:45,612] [INFO]: Файл Acoustic instability appearing in chambers with isothermal or reacting mean.pdf отнесен к кластеру 2
[__main__] [2025-05-16 05:25:45,617] [INFO]: Перемещение файла Acoustic instability appearing in chambers with isothermal or reacting mean.pdf в кластер 2
[__main__] [2025-05-16 05:25:45,621] [DEBUG]: Целевая папка: /content/drive/MyDrive/2
[__main__] [2025-05-16 05:25:45,643] [INFO]: Файл Acoustic instability appearing in chambers with isothermal or reacting mean.pdf успешно скопирован в /content/drive/MyDrive/2
[__main__] [2025-05-16 05:25:45,651] [INFO]: Обработка файла для кластеризации: ppt.pdf
[__main__] [2025-05-16 05:25:46,065] [DEBUG]: Извлечен текст из файла ppt.pdf, длина: 10 символов
[__main__] [2025-05-16 05:25:46,070] [INFO]: Предсказание кластера для текста длиной 10 символов
[__main__] [2025-05-16 05:25:46,078] [INFO]: Создание эмбеддинга для текста длиной 10 символов
[__main__] [2025-05-16 05:25:48,230] [DEBUG]: Проверка нормализации: норма вектора = 1.0
[__main__] [2025-05-16 05:25:48,235] [INFO]: Предсказан кластер 0 для текста
[__main__] [2025-05-16 05:25:48,240] [INFO]: Файл ppt.pdf отнесен к кластеру 0
[__main__] [2025-05-16 05:25:48,245] [INFO]: Перемещение файла ppt.pdf в кластер 0
[__main__] [2025-05-16 05:25:48,249] [DEBUG]: Целевая папка: /content/drive/MyDrive/0
[__main__] [2025-05-16 05:25:48,777] [INFO]: Файл ppt.pdf успешно скопирован в /content/drive/MyDrive/0
[__main__] [2025-05-16 05:25:48,782] [INFO]: Обработка файлов завершена
[__main__] [2025-05-16 05:25:48,797] [INFO]: Поиск ближайших примеров к центроидам
[__main__] [2025-05-16 05:25:48,805] [DEBUG]: Входные данные: embeddings [[-2.91991252e-02  3.11380811e-02 -5.02324514e-02 ... -3.83132063e-02
  -2.37832610e-02 -2.20910143e-02]
 [ 6.90736051e-05 -6.08838070e-03  1.65206604e-02 ...  9.62524954e-03
  -4.67162728e-02 -2.02901531e-02]
 [-1.15670329e-02 -6.59889914e-03 -5.19541791e-03 ... -1.24184201e-02
   6.93678763e-03 -2.77738199e-02]
 ...
 [-1.66038126e-02 -3.65020372e-02 -3.78007293e-02 ... -1.30411945e-02
   9.97386035e-03 -3.60722281e-02]
 [ 1.34603251e-02 -3.61286998e-02  6.61736354e-02 ...  5.05376942e-02
  -4.43412289e-02 -3.92481200e-02]
 [-1.05323672e-01  2.48282831e-02 -5.80738969e-02 ...  1.06843337e-01
  -4.09860462e-02 -7.63928741e-02]], centroids [[-0.10532367  0.02482828 -0.0580739  ...  0.10684334 -0.04098605
  -0.07639287]
 [-0.00356158 -0.00787848 -0.01996386 ... -0.02341021 -0.01702473
  -0.02660011]
 [ 0.01346033 -0.0361287   0.06617364 ...  0.05053769 -0.04434123
  -0.03924812]]
[__main__] [2025-05-16 05:25:48,813] [DEBUG]: Обработка центроида 0
[__main__] [2025-05-16 05:25:48,819] [DEBUG]: Метки кластеров не предоставлены, поиск по всем примерам
[__main__] [2025-05-16 05:25:48,825] [DEBUG]: Центроид 0: ближайший пример idx=8, сходство=1.000
[__main__] [2025-05-16 05:25:48,830] [DEBUG]: Обработка центроида 1
[__main__] [2025-05-16 05:25:48,834] [DEBUG]: Метки кластеров не предоставлены, поиск по всем примерам
[__main__] [2025-05-16 05:25:48,840] [DEBUG]: Центроид 1: ближайший пример idx=3, сходство=0.906
[__main__] [2025-05-16 05:25:48,847] [DEBUG]: Обработка центроида 2
[__main__] [2025-05-16 05:25:48,852] [DEBUG]: Метки кластеров не предоставлены, поиск по всем примерам
[__main__] [2025-05-16 05:25:48,858] [DEBUG]: Центроид 2: ближайший пример idx=7, сходство=1.000
[__main__] [2025-05-16 05:25:48,863] [DEBUG]: Добавлены ближайшие тексты в результат
[__main__] [2025-05-16 05:25:48,868] [INFO]: Успешно найдены ближайшие примеры для 3 центроидов
[__main__] [2025-05-16 05:25:48,883] [ERROR]: Ошибка определения языка: No features in text.
[__main__] [2025-05-16 05:25:48,941] [DEBUG]: Определен язык текста: ru
[__main__] [2025-05-16 05:25:48,945] [INFO]: Суммаризация текста длиной 12946 символов
[__main__] [2025-05-16 05:25:49,048] [ERROR]: Ошибка суммаризации: index out of range in self
[__main__] [2025-05-16 05:25:49,097] [DEBUG]: Определен язык текста: en
[__main__] [2025-05-16 05:25:49,101] [INFO]: Суммаризация текста длиной 39153 символов
[__main__] [2025-05-16 05:26:11,089] [DEBUG]: Результат суммаризации: Acoustic instability appearing in chambers with isothermal or reacting mean
[__main__] [2025-05-16 05:47:03,664] [INFO]: Папка /content/drive/MyDrive/0 переименован в <built-in function array>
[__main__] [2025-05-16 05:47:03,671] [INFO]: Папка /content/drive/MyDrive/1 переименован в Acoustic instability appearing in chambers with isothermal or reacting mean
