[__main__] [2025-05-13 10:37:15,195] [INFO]: Загружен суммаризатор для английского языка
[__main__] [2025-05-13 10:37:33,598] [INFO]: Загружен суммаризатор для русского языка
[__main__] [2025-05-13 10:37:33,760] [INFO]: Работа с папкой: /content/drive/MyDrive/InputData
[__main__] [2025-05-13 10:37:33,796] [INFO]: Начало обработки файла: Копия Comp3.pdf
[__main__] [2025-05-13 10:37:40,298] [DEBUG]: Извлечен текст из файла Копия Comp3.pdf, длина: 14121 символов
[__main__] [2025-05-13 10:37:40,412] [DEBUG]: Определен язык текста: ru
[__main__] [2025-05-13 10:37:40,436] [INFO]: Для файла Копия Comp3.pdf определен язык: ru
[__main__] [2025-05-13 10:37:40,459] [INFO]: Начало обработки файла: Копия Comp2.pdf
[__main__] [2025-05-13 10:37:44,928] [DEBUG]: Извлечен текст из файла Копия Comp2.pdf, длина: 20820 символов
[__main__] [2025-05-13 10:37:45,189] [DEBUG]: Определен язык текста: ru
[__main__] [2025-05-13 10:37:45,236] [INFO]: Для файла Копия Comp2.pdf определен язык: ru
[__main__] [2025-05-13 10:37:45,291] [INFO]: Начало обработки файла: ppt.pdf
[__main__] [2025-05-13 10:37:46,037] [DEBUG]: Извлечен текст из файла ppt.pdf, длина: 10 символов
[__main__] [2025-05-13 10:37:46,057] [ERROR]: Ошибка определения языка: No features in text.
[__main__] [2025-05-13 10:37:46,087] [INFO]: Для файла ppt.pdf определен язык: None
[__main__] [2025-05-13 10:37:46,107] [INFO]: Начало обработки файла: Копия bio1.pdf
[__main__] [2025-05-13 10:37:47,757] [DEBUG]: Извлечен текст из файла Копия bio1.pdf, длина: 10898 символов
[__main__] [2025-05-13 10:37:47,843] [DEBUG]: Определен язык текста: ru
[__main__] [2025-05-13 10:37:47,855] [INFO]: Для файла Копия bio1.pdf определен язык: ru
[__main__] [2025-05-13 10:37:47,874] [INFO]: Начало обработки файла: Копия bio2.pdf
[__main__] [2025-05-13 10:37:48,610] [DEBUG]: Извлечен текст из файла Копия bio2.pdf, длина: 9985 символов
[__main__] [2025-05-13 10:37:48,683] [DEBUG]: Определен язык текста: ru
[__main__] [2025-05-13 10:37:48,696] [INFO]: Для файла Копия bio2.pdf определен язык: ru
[__main__] [2025-05-13 10:37:48,711] [INFO]: Начало обработки файла: Копия bio3.pdf
[__main__] [2025-05-13 10:37:49,580] [DEBUG]: Извлечен текст из файла Копия bio3.pdf, длина: 13070 символов
[__main__] [2025-05-13 10:37:49,662] [DEBUG]: Определен язык текста: ru
[__main__] [2025-05-13 10:37:49,676] [INFO]: Для файла Копия bio3.pdf определен язык: ru
[__main__] [2025-05-13 10:37:49,692] [INFO]: Начало обработки файла: Копия Phis3.pdf
[__main__] [2025-05-13 10:37:56,582] [DEBUG]: Извлечен текст из файла Копия Phis3.pdf, длина: 37085 символов
[__main__] [2025-05-13 10:37:56,697] [DEBUG]: Определен язык текста: ru
[__main__] [2025-05-13 10:37:56,716] [INFO]: Для файла Копия Phis3.pdf определен язык: ru
[__main__] [2025-05-13 10:37:56,733] [INFO]: Начало обработки файла: Копия Phis1.pdf
[__main__] [2025-05-13 10:37:58,605] [DEBUG]: Извлечен текст из файла Копия Phis1.pdf, длина: 17731 символов
[__main__] [2025-05-13 10:37:58,719] [DEBUG]: Определен язык текста: ru
[__main__] [2025-05-13 10:37:58,735] [INFO]: Для файла Копия Phis1.pdf определен язык: ru
[__main__] [2025-05-13 10:37:58,767] [INFO]: Обработка файла: Копия Comp3.pdf
[__main__] [2025-05-13 10:38:01,555] [DEBUG]: Успешно извлечен текст из файла Копия Comp3.pdf, длина текста: 14121 символов
[__main__] [2025-05-13 10:38:01,572] [INFO]: Обработка файла: Копия Comp2.pdf
[__main__] [2025-05-13 10:38:02,840] [DEBUG]: Успешно извлечен текст из файла Копия Comp2.pdf, длина текста: 20820 символов
[__main__] [2025-05-13 10:38:02,857] [INFO]: Обработка файла: ppt.pdf
[__main__] [2025-05-13 10:38:03,163] [DEBUG]: Успешно извлечен текст из файла ppt.pdf, длина текста: 10 символов
[__main__] [2025-05-13 10:38:03,175] [INFO]: Обработка файла: Копия bio1.pdf
[__main__] [2025-05-13 10:38:04,674] [DEBUG]: Успешно извлечен текст из файла Копия bio1.pdf, длина текста: 10898 символов
[__main__] [2025-05-13 10:38:04,686] [INFO]: Обработка файла: Копия bio2.pdf
[__main__] [2025-05-13 10:38:05,427] [DEBUG]: Успешно извлечен текст из файла Копия bio2.pdf, длина текста: 9985 символов
[__main__] [2025-05-13 10:38:05,442] [INFO]: Обработка файла: Копия bio3.pdf
[__main__] [2025-05-13 10:38:06,275] [DEBUG]: Успешно извлечен текст из файла Копия bio3.pdf, длина текста: 13070 символов
[__main__] [2025-05-13 10:38:06,293] [INFO]: Обработка файла: Копия Phis3.pdf
[__main__] [2025-05-13 10:38:12,281] [DEBUG]: Успешно извлечен текст из файла Копия Phis3.pdf, длина текста: 37085 символов
[__main__] [2025-05-13 10:38:12,305] [INFO]: Обработка файла: Копия Phis1.pdf
[__main__] [2025-05-13 10:38:14,260] [DEBUG]: Успешно извлечен текст из файла Копия Phis1.pdf, длина текста: 17731 символов
[__main__] [2025-05-13 10:38:15,172] [INFO]: Загружена модель для эмбеддингов: all-MiniLM-L6-v2
[__main__] [2025-05-13 10:38:15,192] [INFO]: Чтение файлов из папки: /content/drive/MyDrive/InputData
[__main__] [2025-05-13 10:38:15,209] [INFO]: Всего обработано файлов: 8
[__main__] [2025-05-13 10:38:16,475] [INFO]: Созданы эмбеддинги для 8 текстов, размерность: (8, 384)
[__main__] [2025-05-13 10:38:16,494] [DEBUG]: Выполнена нормализация эмбеддингов
[__main__] [2025-05-13 10:38:16,511] [DEBUG]: Проверка нормализации: норма первого вектора = 0.9999999403953552
[__main__] [2025-05-13 10:38:16,529] [INFO]: Начало обучения модели KMeans с 3 кластерами
[__main__] [2025-05-13 10:38:16,558] [INFO]: Модель KMeans успешно обучена, центроиды: (3, 384)
[__main__] [2025-05-13 10:38:16,585] [INFO]: Кластеризация файлов в папке: /content/drive/MyDrive/InputData
[__main__] [2025-05-13 10:38:16,603] [INFO]: Обработка файла для кластеризации: Копия Comp3.pdf
[__main__] [2025-05-13 10:38:18,469] [DEBUG]: Извлечен текст из файла Копия Comp3.pdf, длина: 14121 символов
[__main__] [2025-05-13 10:38:18,484] [INFO]: Предсказание кластера для текста длиной 14121 символов
[__main__] [2025-05-13 10:38:18,501] [INFO]: Создание эмбеддинга для текста длиной 14121 символов
[__main__] [2025-05-13 10:38:19,459] [DEBUG]: Проверка нормализации: норма вектора = 0.9999999403953552
[__main__] [2025-05-13 10:38:19,473] [INFO]: Предсказан кластер 1 для текста
[__main__] [2025-05-13 10:38:19,496] [INFO]: Файл Копия Comp3.pdf отнесен к кластеру 1
[__main__] [2025-05-13 10:38:19,515] [INFO]: Перемещение файла Копия Comp3.pdf в кластер 1
[__main__] [2025-05-13 10:38:19,534] [DEBUG]: Целевая папка: /content/drive/MyDrive/1
[__main__] [2025-05-13 10:38:19,575] [INFO]: Файл Копия Comp3.pdf успешно скопирован в /content/drive/MyDrive/1
[__main__] [2025-05-13 10:38:19,594] [INFO]: Обработка файла для кластеризации: Копия Comp2.pdf
[__main__] [2025-05-13 10:38:20,907] [DEBUG]: Извлечен текст из файла Копия Comp2.pdf, длина: 20820 символов
[__main__] [2025-05-13 10:38:20,922] [INFO]: Предсказание кластера для текста длиной 20820 символов
[__main__] [2025-05-13 10:38:20,945] [INFO]: Создание эмбеддинга для текста длиной 20820 символов
[__main__] [2025-05-13 10:38:21,972] [DEBUG]: Проверка нормализации: норма вектора = 1.0
[__main__] [2025-05-13 10:38:21,985] [INFO]: Предсказан кластер 2 для текста
[__main__] [2025-05-13 10:38:22,002] [INFO]: Файл Копия Comp2.pdf отнесен к кластеру 2
[__main__] [2025-05-13 10:38:22,016] [INFO]: Перемещение файла Копия Comp2.pdf в кластер 2
[__main__] [2025-05-13 10:38:22,032] [DEBUG]: Целевая папка: /content/drive/MyDrive/2
[__main__] [2025-05-13 10:38:22,067] [INFO]: Файл Копия Comp2.pdf успешно скопирован в /content/drive/MyDrive/2
[__main__] [2025-05-13 10:38:22,085] [INFO]: Обработка файла для кластеризации: ppt.pdf
[__main__] [2025-05-13 10:38:22,480] [DEBUG]: Извлечен текст из файла ppt.pdf, длина: 10 символов
[__main__] [2025-05-13 10:38:22,495] [INFO]: Предсказание кластера для текста длиной 10 символов
[__main__] [2025-05-13 10:38:22,512] [INFO]: Создание эмбеддинга для текста длиной 10 символов
[__main__] [2025-05-13 10:38:23,406] [DEBUG]: Проверка нормализации: норма вектора = 1.0
[__main__] [2025-05-13 10:38:23,426] [INFO]: Предсказан кластер 0 для текста
[__main__] [2025-05-13 10:38:23,443] [INFO]: Файл ppt.pdf отнесен к кластеру 0
[__main__] [2025-05-13 10:38:23,456] [INFO]: Перемещение файла ppt.pdf в кластер 0
[__main__] [2025-05-13 10:38:23,473] [DEBUG]: Целевая папка: /content/drive/MyDrive/0
[__main__] [2025-05-13 10:38:23,515] [INFO]: Файл ppt.pdf успешно скопирован в /content/drive/MyDrive/0
[__main__] [2025-05-13 10:38:23,533] [INFO]: Обработка файла для кластеризации: Копия bio1.pdf
[__main__] [2025-05-13 10:38:25,109] [DEBUG]: Извлечен текст из файла Копия bio1.pdf, длина: 10898 символов
[__main__] [2025-05-13 10:38:25,124] [INFO]: Предсказание кластера для текста длиной 10898 символов
[__main__] [2025-05-13 10:38:25,147] [INFO]: Создание эмбеддинга для текста длиной 10898 символов
[__main__] [2025-05-13 10:38:26,295] [DEBUG]: Проверка нормализации: норма вектора = 1.0
[__main__] [2025-05-13 10:38:26,311] [INFO]: Предсказан кластер 1 для текста
[__main__] [2025-05-13 10:38:26,326] [INFO]: Файл Копия bio1.pdf отнесен к кластеру 1
[__main__] [2025-05-13 10:38:26,339] [INFO]: Перемещение файла Копия bio1.pdf в кластер 1
[__main__] [2025-05-13 10:38:26,354] [DEBUG]: Целевая папка: /content/drive/MyDrive/1
[__main__] [2025-05-13 10:38:26,387] [INFO]: Файл Копия bio1.pdf успешно скопирован в /content/drive/MyDrive/1
[__main__] [2025-05-13 10:38:26,401] [INFO]: Обработка файла для кластеризации: Копия bio2.pdf
[__main__] [2025-05-13 10:38:27,657] [DEBUG]: Извлечен текст из файла Копия bio2.pdf, длина: 9985 символов
[__main__] [2025-05-13 10:38:27,676] [INFO]: Предсказание кластера для текста длиной 9985 символов
[__main__] [2025-05-13 10:38:27,696] [INFO]: Создание эмбеддинга для текста длиной 9985 символов
[__main__] [2025-05-13 10:38:29,209] [DEBUG]: Проверка нормализации: норма вектора = 0.9999998807907104
[__main__] [2025-05-13 10:38:29,230] [INFO]: Предсказан кластер 1 для текста
[__main__] [2025-05-13 10:38:29,243] [INFO]: Файл Копия bio2.pdf отнесен к кластеру 1
[__main__] [2025-05-13 10:38:29,255] [INFO]: Перемещение файла Копия bio2.pdf в кластер 1
[__main__] [2025-05-13 10:38:29,269] [DEBUG]: Целевая папка: /content/drive/MyDrive/1
[__main__] [2025-05-13 10:38:29,310] [INFO]: Файл Копия bio2.pdf успешно скопирован в /content/drive/MyDrive/1
[__main__] [2025-05-13 10:38:29,326] [INFO]: Обработка файла для кластеризации: Копия bio3.pdf
[__main__] [2025-05-13 10:38:30,347] [DEBUG]: Извлечен текст из файла Копия bio3.pdf, длина: 13070 символов
[__main__] [2025-05-13 10:38:30,359] [INFO]: Предсказание кластера для текста длиной 13070 символов
[__main__] [2025-05-13 10:38:30,380] [INFO]: Создание эмбеддинга для текста длиной 13070 символов
[__main__] [2025-05-13 10:38:31,610] [DEBUG]: Проверка нормализации: норма вектора = 1.0
[__main__] [2025-05-13 10:38:31,630] [INFO]: Предсказан кластер 1 для текста
[__main__] [2025-05-13 10:38:31,651] [INFO]: Файл Копия bio3.pdf отнесен к кластеру 1
[__main__] [2025-05-13 10:38:31,669] [INFO]: Перемещение файла Копия bio3.pdf в кластер 1
[__main__] [2025-05-13 10:38:31,688] [DEBUG]: Целевая папка: /content/drive/MyDrive/1
[__main__] [2025-05-13 10:38:31,724] [INFO]: Файл Копия bio3.pdf успешно скопирован в /content/drive/MyDrive/1
[__main__] [2025-05-13 10:38:31,742] [INFO]: Обработка файла для кластеризации: Копия Phis3.pdf
[__main__] [2025-05-13 10:38:37,365] [DEBUG]: Извлечен текст из файла Копия Phis3.pdf, длина: 37085 символов
[__main__] [2025-05-13 10:38:37,384] [INFO]: Предсказание кластера для текста длиной 37085 символов
[__main__] [2025-05-13 10:38:37,401] [INFO]: Создание эмбеддинга для текста длиной 37085 символов
[__main__] [2025-05-13 10:38:38,473] [DEBUG]: Проверка нормализации: норма вектора = 1.0
[__main__] [2025-05-13 10:38:38,491] [INFO]: Предсказан кластер 1 для текста
[__main__] [2025-05-13 10:38:38,510] [INFO]: Файл Копия Phis3.pdf отнесен к кластеру 1
[__main__] [2025-05-13 10:38:38,524] [INFO]: Перемещение файла Копия Phis3.pdf в кластер 1
[__main__] [2025-05-13 10:38:38,539] [DEBUG]: Целевая папка: /content/drive/MyDrive/1
[__main__] [2025-05-13 10:38:38,574] [INFO]: Файл Копия Phis3.pdf успешно скопирован в /content/drive/MyDrive/1
[__main__] [2025-05-13 10:38:38,592] [INFO]: Обработка файла для кластеризации: Копия Phis1.pdf
[__main__] [2025-05-13 10:38:40,427] [DEBUG]: Извлечен текст из файла Копия Phis1.pdf, длина: 17731 символов
[__main__] [2025-05-13 10:38:40,448] [INFO]: Предсказание кластера для текста длиной 17731 символов
[__main__] [2025-05-13 10:38:40,468] [INFO]: Создание эмбеддинга для текста длиной 17731 символов
[__main__] [2025-05-13 10:38:41,828] [DEBUG]: Проверка нормализации: норма вектора = 1.0
[__main__] [2025-05-13 10:38:41,848] [INFO]: Предсказан кластер 2 для текста
[__main__] [2025-05-13 10:38:41,869] [INFO]: Файл Копия Phis1.pdf отнесен к кластеру 2
[__main__] [2025-05-13 10:38:41,886] [INFO]: Перемещение файла Копия Phis1.pdf в кластер 2
[__main__] [2025-05-13 10:38:41,904] [DEBUG]: Целевая папка: /content/drive/MyDrive/2
[__main__] [2025-05-13 10:38:41,955] [INFO]: Файл Копия Phis1.pdf успешно скопирован в /content/drive/MyDrive/2
[__main__] [2025-05-13 10:38:41,977] [INFO]: Обработка файлов завершена
